c:\users\usuario\desktop\universidad\vj\lemmings\lemmings\02-lemming\debug\vc141.pdb
c:\users\usuario\desktop\universidad\vj\lemmings\lemmings\02-lemming\debug\vc141.idb
c:\users\usuario\desktop\universidad\vj\lemmings\lemmings\02-lemming\debug\variabletexture.obj
c:\users\usuario\desktop\universidad\vj\lemmings\lemmings\02-lemming\debug\texture.obj
c:\users\usuario\desktop\universidad\vj\lemmings\lemmings\02-lemming\debug\sprite.obj
c:\users\usuario\desktop\universidad\vj\lemmings\lemmings\02-lemming\debug\boton.obj
c:\users\usuario\desktop\universidad\vj\lemmings\lemmings\02-lemming\debug\shaderprogram.obj
c:\users\usuario\desktop\universidad\vj\lemmings\lemmings\02-lemming\debug\shader.obj
c:\users\usuario\desktop\universidad\vj\lemmings\lemmings\02-lemming\debug\scene.obj
c:\users\usuario\desktop\universidad\vj\lemmings\lemmings\02-lemming\debug\puerta.obj
c:\users\usuario\desktop\universidad\vj\lemmings\lemmings\02-lemming\debug\maskedtexturedquad.obj
c:\users\usuario\desktop\universidad\vj\lemmings\lemmings\02-lemming\debug\main.obj
c:\users\usuario\desktop\universidad\vj\lemmings\lemmings\02-lemming\debug\lemming.obj
c:\users\usuario\desktop\universidad\vj\lemmings\lemmings\02-lemming\debug\game.obj
c:\users\usuario\desktop\universidad\vj\lemmings\lemmings\02-lemming\debug\cursor.obj
c:\users\usuario\desktop\universidad\vj\lemmings\lemmings\02-lemming\debug\02-lemming.exe
c:\users\usuario\desktop\universidad\vj\lemmings\lemmings\02-lemming\debug\02-lemming.ilk
c:\users\usuario\desktop\universidad\vj\lemmings\lemmings\02-lemming\debug\02-lemming.pdb
c:\users\usuario\desktop\universidad\vj\lemmings\lemmings\02-lemming\debug\02-lemming.tlog\cl.command.1.tlog
c:\users\usuario\desktop\universidad\vj\lemmings\lemmings\02-lemming\debug\02-lemming.tlog\cl.read.1.tlog
c:\users\usuario\desktop\universidad\vj\lemmings\lemmings\02-lemming\debug\02-lemming.tlog\cl.write.1.tlog
c:\users\usuario\desktop\universidad\vj\lemmings\lemmings\02-lemming\debug\02-lemming.tlog\link.command.1.tlog
c:\users\usuario\desktop\universidad\vj\lemmings\lemmings\02-lemming\debug\02-lemming.tlog\link.read.1.tlog
c:\users\usuario\desktop\universidad\vj\lemmings\lemmings\02-lemming\debug\02-lemming.tlog\link.write.1.tlog
